<?xml version="1.0" encoding="UTF-8"?>
<testsuite name="com.bl.analyser.CricketAnalyserTest" tests="13" skipped="0" failures="0" errors="0" timestamp="2020-05-15T20:09:01" hostname="DESKTOP-2TJPHRI" time="13.111">
  <properties/>
  <testcase name="givenIPLCricketerLeagueData_WhenSortedOnStrikingRate_ShouldReturnTopStrikingRateOfBowler" classname="com.bl.analyser.CricketAnalyserTest" time="8.418"/>
  <testcase name="givenIPLCricketerLeagueData_WhenSortedOn6sAnd4s_ShouldReturnMostHitBoundries" classname="com.bl.analyser.CricketAnalyserTest" time="0.478"/>
  <testcase name="givenIPLCricketerLeagueData_WhenSortedOnSrikeRate_ShouldReturnTopStrikingRate" classname="com.bl.analyser.CricketAnalyserTest" time="0.346"/>
  <testcase name="givenIPLCricketerLeagueData_WhenSortedOnEconomyRate_ShouldReturnBestEconomyRateOfBowler" classname="com.bl.analyser.CricketAnalyserTest" time="0.317"/>
  <testcase name="givenIPLCricketerLeagueData_WhenSortedOnRunWithAverage_ShouldReturnMaximumRunWithBestAverage" classname="com.bl.analyser.CricketAnalyserTest" time="0.352"/>
  <testcase name="givenIPLCricketerLeagueData_WhenSortedOnAverage_ShouldReturnTopBowlingAverage" classname="com.bl.analyser.CricketAnalyserTest" time="0.314"/>
  <testcase name="givenIPLCricketerLeagueData_WhenSortedOnAverage_ShouldReturnBestBattingAndBowlingAverage" classname="com.bl.analyser.CricketAnalyserTest" time="0.935"/>
  <testcase name="givenIPLCricketerLeagueData_WhenSortedOnStrikingRateWith5wAnd4w_ShouldReturnBestStrikingRateWith5wAnd4wOfBowler" classname="com.bl.analyser.CricketAnalyserTest" time="0.311"/>
  <testcase name="givenIPLCricketerLeagueData_WhenSortedOnAverageWithStrikeRate_ShouldReturnGreatAverageWithBestStrikingRate" classname="com.bl.analyser.CricketAnalyserTest" time="0.343"/>
  <testcase name="givenIPLCricketerLeagueData_WhenSortedOnStrikeRateWith6sAnd4s_ShouldReturnBestStrikingRateWith6sAnd4s" classname="com.bl.analyser.CricketAnalyserTest" time="0.338"/>
  <testcase name="givenIPLCricketerLeagueData_WhenSortedOnAverageWithStrikingRate_ShouldReturnGreatBowlingAverageWithBestStrikingRate" classname="com.bl.analyser.CricketAnalyserTest" time="0.303"/>
  <testcase name="givenIPLCricketLeagueData_WhenSortedOnAvg_ShouldReturnTopBattingAveragePlayer" classname="com.bl.analyser.CricketAnalyserTest" time="0.336"/>
  <testcase name="givenIPLCricketerLeagueData_WhenSortedOnWicketsAndAverage_ShouldReturnMaxWicketsWithGreatBowlingAverage" classname="com.bl.analyser.CricketAnalyserTest" time="0.316"/>
  <system-out><![CDATA[]]></system-out>
  <system-err><![CDATA[]]></system-err>
</testsuite>
