<?xml version="1.0" encoding="UTF-8"?>
<testsuite name="com.bl.analyser.CricketAnalyserTest" tests="14" skipped="0" failures="0" errors="0" timestamp="2020-05-15T20:32:49" hostname="DESKTOP-2TJPHRI" time="5.907">
  <properties/>
  <testcase name="givenIPLCricketerLeagueData_WhenSortedOnStrikingRate_ShouldReturnTopStrikingRateOfBowler" classname="com.bl.analyser.CricketAnalyserTest" time="0.78"/>
  <testcase name="givenIPLCricketerLeagueData_WhenSortedOn6sAnd4s_ShouldReturnMostHitBoundries" classname="com.bl.analyser.CricketAnalyserTest" time="0.383"/>
  <testcase name="givenIPLCricketerLeagueData_WhenSortedOnSrikeRate_ShouldReturnTopStrikingRate" classname="com.bl.analyser.CricketAnalyserTest" time="0.366"/>
  <testcase name="givenIPLCricketerLeagueData_WhenSortedOnEconomyRate_ShouldReturnBestEconomyRateOfBowler" classname="com.bl.analyser.CricketAnalyserTest" time="0.325"/>
  <testcase name="givenIPLCricketerLeagueData_WhenSortedOnRunWithAverage_ShouldReturnMaximumRunWithBestAverage" classname="com.bl.analyser.CricketAnalyserTest" time="0.352"/>
  <testcase name="givenIPLCricketerLeagueData_WhenSortedOnAverage_ShouldReturnTopBowlingAverage" classname="com.bl.analyser.CricketAnalyserTest" time="0.364"/>
  <testcase name="givenIPLCricketerLeagueData_WhenSortedOnAverage_ShouldReturnBestBattingAndBowlingAverage" classname="com.bl.analyser.CricketAnalyserTest" time="0.642"/>
  <testcase name="givenIPLCricketerLeagueData_WhenSortedOnStrikingRateWith5wAnd4w_ShouldReturnBestStrikingRateWith5wAnd4wOfBowler" classname="com.bl.analyser.CricketAnalyserTest" time="0.351"/>
  <testcase name="givenIPLCricketerLeagueData_WhenSortedOnAverageWithStrikeRate_ShouldReturnGreatAverageWithBestStrikingRate" classname="com.bl.analyser.CricketAnalyserTest" time="0.36"/>
  <testcase name="givenIPLCricketerLeagueData_WhenSortedOnStrikeRateWith6sAnd4s_ShouldReturnBestStrikingRateWith6sAnd4s" classname="com.bl.analyser.CricketAnalyserTest" time="0.333"/>
  <testcase name="givenIPLCricketerLeagueData_WhenSortedOnAverageWithStrikingRate_ShouldReturnGreatBowlingAverageWithBestStrikingRate" classname="com.bl.analyser.CricketAnalyserTest" time="0.327"/>
  <testcase name="givenIPLCricketLeagueData_WhenSortedOnAvg_ShouldReturnTopBattingAveragePlayer" classname="com.bl.analyser.CricketAnalyserTest" time="0.344"/>
  <testcase name="givenIPLCricketerLeagueData_WhenSortedRunsAndWickets_ShouldReturnBestAllRounders" classname="com.bl.analyser.CricketAnalyserTest" time="0.657"/>
  <testcase name="givenIPLCricketerLeagueData_WhenSortedOnWicketsAndAverage_ShouldReturnMaxWicketsWithGreatBowlingAverage" classname="com.bl.analyser.CricketAnalyserTest" time="0.318"/>
  <system-out><![CDATA[]]></system-out>
  <system-err><![CDATA[]]></system-err>
</testsuite>
