<?xml version="1.0" encoding="UTF-8"?>
<testsuite name="com.bl.analyser.CricketAnalyserTest" tests="2" skipped="0" failures="0" errors="0" timestamp="2020-05-12T04:49:25" hostname="DESKTOP-2TJPHRI" time="1.405">
  <properties/>
  <testcase name="givenIPLCricketerLeagueData_WhenSortedOnAvg_ShouldReturnTopStrikingRate" classname="com.bl.analyser.CricketAnalyserTest" time="0.857"/>
  <testcase name="givenIPLCricketLeagueData_WhenSortedOnAvg_ShouldReturnTopBattingAveragePlayer" classname="com.bl.analyser.CricketAnalyserTest" time="0.548"/>
  <system-out><![CDATA[]]></system-out>
  <system-err><![CDATA[]]></system-err>
</testsuite>
