<?xml version="1.0" encoding="UTF-8"?>
<testsuite name="com.bl.analyser.CricketAnalyserTest" tests="4" skipped="0" failures="0" errors="0" timestamp="2020-05-12T05:32:45" hostname="DESKTOP-2TJPHRI" time="2.428">
  <properties/>
  <testcase name="givenIPLCricketerLeagueData_WhenSortedOn6sAnd4s_ShouldReturnMostHitBoundries" classname="com.bl.analyser.CricketAnalyserTest" time="0.809"/>
  <testcase name="givenIPLCricketerLeagueData_WhenSortedOnSrikeRate_ShouldReturnTopStrikingRate" classname="com.bl.analyser.CricketAnalyserTest" time="0.561"/>
  <testcase name="givenIPLCricketerLeagueData_WhenSortedOnStrikeRateWith6sAnd4s_ShouldReturnBestStrikingRateWith6sAnd4s" classname="com.bl.analyser.CricketAnalyserTest" time="0.521"/>
  <testcase name="givenIPLCricketLeagueData_WhenSortedOnAvg_ShouldReturnTopBattingAveragePlayer" classname="com.bl.analyser.CricketAnalyserTest" time="0.536"/>
  <system-out><![CDATA[]]></system-out>
  <system-err><![CDATA[]]></system-err>
</testsuite>
