<?xml version="1.0" encoding="UTF-8"?>
<testsuite name="com.bl.analyser.CricketAnalyserTest" tests="1" skipped="0" failures="0" errors="0" timestamp="2020-05-12T09:20:17" hostname="DESKTOP-2TJPHRI" time="0.813">
  <properties/>
  <testcase name="givenIPLCricketerLeagueData_WhenSortedOnAverage_ShouldReturnTopBowlingAverage" classname="com.bl.analyser.CricketAnalyserTest" time="0.813"/>
  <system-out><![CDATA[]]></system-out>
  <system-err><![CDATA[]]></system-err>
</testsuite>
