<?xml version="1.0" encoding="UTF-8"?>
<testsuite name="com.bl.analyser.CricketAnalyserTest" tests="3" skipped="0" failures="0" errors="0" timestamp="2020-05-12T05:05:06" hostname="DESKTOP-2TJPHRI" time="1.957">
  <properties/>
  <testcase name="givenIPLCricketerLeagueData_WhenSortedOn6sAnd4s_ShouldReturnMostHitBoundries" classname="com.bl.analyser.CricketAnalyserTest" time="0.852"/>
  <testcase name="givenIPLCricketerLeagueData_WhenSortedOnSrikeRate_ShouldReturnTopStrikingRate" classname="com.bl.analyser.CricketAnalyserTest" time="0.543"/>
  <testcase name="givenIPLCricketLeagueData_WhenSortedOnAvg_ShouldReturnTopBattingAveragePlayer" classname="com.bl.analyser.CricketAnalyserTest" time="0.561"/>
  <system-out><![CDATA[]]></system-out>
  <system-err><![CDATA[]]></system-err>
</testsuite>
